# JRE version: Java(TM) SE Runtime Environment (13.0.2+8) (build 13.0.2+8)
# Java VM: Java HotSpot(TM) 64-Bit Server VM (13.0.2+8, mixed mode, sharing, tiered, compressed oops, g1 gc, windows-amd64)
Heap:
 garbage-first heap   total 433152K, used 155537K [0x0000000080a00000, 0x0000000100000000)
  region size 1024K, 16 young (16384K), 1 survivors (1024K)
 Metaspace       used 103055K, capacity 113453K, committed 114172K, reserved 1148928K
  class space    used 10840K, capacity 13841K, committed 14156K, reserved 1048576K
GC Heap History (20 events):
Event: 8341.236 GC heap before
{Heap before GC invocations=134 (full 0):
 garbage-first heap   total 433152K, used 371201K [0x0000000080a00000, 0x0000000100000000)
  region size 1024K, 191 young (195584K), 15 survivors (15360K)
 Metaspace       used 103179K, capacity 113895K, committed 114172K, reserved 1148928K
  class space    used 10930K, capacity 14023K, committed 14156K, reserved 1048576K
}
Event: 8341.252 GC heap after
{Heap after GC invocations=135 (full 0):
 garbage-first heap   total 433152K, used 193297K [0x0000000080a00000, 0x0000000100000000)
  region size 1024K, 14 young (14336K), 14 survivors (14336K)
 Metaspace       used 103179K, capacity 113895K, committed 114172K, reserved 1148928K
  class space    used 10930K, capacity 14023K, committed 14156K, reserved 1048576K
}
Event: 8341.699 GC heap before
{Heap before GC invocations=135 (full 0):
 garbage-first heap   total 433152K, used 373521K [0x0000000080a00000, 0x0000000100000000)
  region size 1024K, 190 young (194560K), 14 survivors (14336K)
 Metaspace       used 103179K, capacity 113895K, committed 114172K, reserved 1148928K
  class space    used 10930K, capacity 14023K, committed 14156K, reserved 1048576K
}
Event: 8341.722 GC heap after
{Heap after GC invocations=136 (full 0):
 garbage-first heap   total 433152K, used 201029K [0x0000000080a00000, 0x0000000100000000)
  region size 1024K, 14 young (14336K), 14 survivors (14336K)
 Metaspace       used 103179K, capacity 113895K, committed 114172K, reserved 1148928K
  class space    used 10930K, capacity 14023K, committed 14156K, reserved 1048576K
}
Event: 8349.030 GC heap before
{Heap before GC invocations=136 (full 0):
 garbage-first heap   total 433152K, used 369989K [0x0000000080a00000, 0x0000000100000000)
  region size 1024K, 180 young (184320K), 14 survivors (14336K)
 Metaspace       used 103202K, capacity 113959K, committed 114172K, reserved 1148928K
  class space    used 10930K, capacity 14023K, committed 14156K, reserved 1048576K
}
Event: 8349.042 GC heap after
{Heap after GC invocations=137 (full 0):
 garbage-first heap   total 433152K, used 201122K [0x0000000080a00000, 0x0000000100000000)
  region size 1024K, 12 young (12288K), 12 survivors (12288K)
 Metaspace       used 103202K, capacity 113959K, committed 114172K, reserved 1148928K
  class space    used 10930K, capacity 14023K, committed 14156K, reserved 1048576K
}
Event: 8361.125 GC heap before
{Heap before GC invocations=137 (full 0):
 garbage-first heap   total 433152K, used 373154K [0x0000000080a00000, 0x0000000100000000)
  region size 1024K, 181 young (185344K), 12 survivors (12288K)
 Metaspace       used 103247K, capacity 113959K, committed 114172K, reserved 1148928K
  class space    used 10930K, capacity 14023K, committed 14156K, reserved 1048576K
}
Event: 8361.139 GC heap after
{Heap after GC invocations=138 (full 0):
 garbage-first heap   total 433152K, used 202036K [0x0000000080a00000, 0x0000000100000000)
  region size 1024K, 13 young (13312K), 13 survivors (13312K)
 Metaspace       used 103247K, capacity 113959K, committed 114172K, reserved 1148928K
  class space    used 10930K, capacity 14023K, committed 14156K, reserved 1048576K
}
Event: 8525.153 GC heap before
{Heap before GC invocations=138 (full 0):
 garbage-first heap   total 433152K, used 375092K [0x0000000080a00000, 0x0000000100000000)
  region size 1024K, 182 young (186368K), 13 survivors (13312K)
 Metaspace       used 103296K, capacity 113965K, committed 114172K, reserved 1148928K
  class space    used 10935K, capacity 14025K, committed 14156K, reserved 1048576K
}
Event: 8525.168 GC heap after
{Heap after GC invocations=139 (full 0):
 garbage-first heap   total 433152K, used 195858K [0x0000000080a00000, 0x0000000100000000)
  region size 1024K, 6 young (6144K), 6 survivors (6144K)
 Metaspace       used 103296K, capacity 113965K, committed 114172K, reserved 1148928K
  class space    used 10935K, capacity 14025K, committed 14156K, reserved 1048576K
}
Event: 8558.940 GC heap before
{Heap before GC invocations=139 (full 0):
 garbage-first heap   total 433152K, used 374034K [0x0000000080a00000, 0x0000000100000000)
  region size 1024K, 179 young (183296K), 6 survivors (6144K)
 Metaspace       used 103325K, capacity 113969K, committed 114172K, reserved 1148928K
  class space    used 10936K, capacity 14026K, committed 14156K, reserved 1048576K
}
Event: 8558.957 GC heap after
{Heap after GC invocations=140 (full 0):
 garbage-first heap   total 433152K, used 197279K [0x0000000080a00000, 0x0000000100000000)
  region size 1024K, 6 young (6144K), 6 survivors (6144K)
 Metaspace       used 103325K, capacity 113969K, committed 114172K, reserved 1148928K
  class space    used 10936K, capacity 14026K, committed 14156K, reserved 1048576K
}
Event: 8583.892 GC heap before
{Heap before GC invocations=140 (full 0):
 garbage-first heap   total 433152K, used 373407K [0x0000000080a00000, 0x0000000100000000)
  region size 1024K, 178 young (182272K), 6 survivors (6144K)
 Metaspace       used 103348K, capacity 114033K, committed 114172K, reserved 1148928K
  class space    used 10936K, capacity 14026K, committed 14156K, reserved 1048576K
}
Event: 8583.905 GC heap after
{Heap after GC invocations=141 (full 0):
 garbage-first heap   total 433152K, used 198037K [0x0000000080a00000, 0x0000000100000000)
  region size 1024K, 6 young (6144K), 6 survivors (6144K)
 Metaspace       used 103348K, capacity 114033K, committed 114172K, reserved 1148928K
  class space    used 10936K, capacity 14026K, committed 14156K, reserved 1048576K
}
Event: 8594.013 GC heap before
{Heap before GC invocations=141 (full 0):
 garbage-first heap   total 433152K, used 256405K [0x0000000080a00000, 0x0000000100000000)
  region size 1024K, 63 young (64512K), 6 survivors (6144K)
 Metaspace       used 103378K, capacity 114041K, committed 114172K, reserved 1148928K
  class space    used 10938K, capacity 14029K, committed 14156K, reserved 1048576K
}
Event: 8594.025 GC heap after
{Heap after GC invocations=142 (full 0):
 garbage-first heap   total 433152K, used 197440K [0x0000000080a00000, 0x0000000100000000)
  region size 1024K, 5 young (5120K), 5 survivors (5120K)
 Metaspace       used 103378K, capacity 114041K, committed 114172K, reserved 1148928K
  class space    used 10938K, capacity 14029K, committed 14156K, reserved 1048576K
}
Event: 8803.858 GC heap before
{Heap before GC invocations=143 (full 0):
 garbage-first heap   total 433152K, used 359232K [0x0000000080a00000, 0x0000000100000000)
  region size 1024K, 176 young (180224K), 5 survivors (5120K)
 Metaspace       used 103035K, capacity 113453K, committed 114172K, reserved 1148928K
  class space    used 10840K, capacity 13841K, committed 14156K, reserved 1048576K
}
Event: 8803.877 GC heap after
{Heap after GC invocations=144 (full 0):
 garbage-first heap   total 433152K, used 185016K [0x0000000080a00000, 0x0000000100000000)
  region size 1024K, 5 young (5120K), 5 survivors (5120K)
 Metaspace       used 103035K, capacity 113453K, committed 114172K, reserved 1148928K
  class space    used 10840K, capacity 13841K, committed 14156K, reserved 1048576K
}
Event: 8810.518 GC heap before
{Heap before GC invocations=144 (full 0):
 garbage-first heap   total 433152K, used 200376K [0x0000000080a00000, 0x0000000100000000)
  region size 1024K, 21 young (21504K), 5 survivors (5120K)
 Metaspace       used 103041K, capacity 113453K, committed 114172K, reserved 1148928K
  class space    used 10840K, capacity 13841K, committed 14156K, reserved 1048576K
}
Event: 8810.604 GC heap after
{Heap after GC invocations=145 (full 0):
 garbage-first heap   total 433152K, used 141201K [0x0000000080a00000, 0x0000000100000000)
  region size 1024K, 1 young (1024K), 1 survivors (1024K)
 Metaspace       used 103041K, capacity 113453K, committed 114172K, reserved 1148928K
  class space    used 10840K, capacity 13841K, committed 14156K, reserved 1048576K
}

